

 ETABS Ultimate 64-bit 22.1.0 Build 3673 (Analysis Build 9964/64)               
 File: C:\Users\Ivan\Documents...vaq ETABS\paraFinal\etabs eFinal\etabsFinal.OUT
                                                                     
                                                                       

 1, CONSTR = RIGID, DOF = U1 U2 R3

                     LOCAL COORDINATE SYSTEM FOR CONSTRAINT MASTER
  GLOBAL          U1          U2          U3          R1          R2          R3
     X      1.000000     .000000     .000000    1.000000     .000000     .000000
     Y       .000000    1.000000     .000000     .000000    1.000000     .000000
     Z       .000000     .000000    1.000000     .000000     .000000    1.000000

                     TRANSLATIONAL MASS AND MASS MOMENTS OF INERTIA
                  U1          U2          U3          R1          R2          R3
           14996.917   14996.917     .000000     .000000     .000000  985964.354

                     CENTER OF MASS
  GLOBAL          U1          U2          U3
     X     10.000000   10.000000   10.000000
     Y      9.859329    9.859329    9.882644
     Z      4.500000    4.500000    4.500000

 D I S P L A C E M E N T   D E G R E E S   O F   F R E E D O M

         (A) = Active DOF, equilibrium equation
         (-) = Restrained DOF, reaction computed
         (+) = Constrained DOF
         (>) = External substructure DOF
         ( ) = Null DOF

  JOINTS              UX  UY  UZ  RX  RY  RZ
       1 TO      30    -   -   -   -   -   -
      31 TO      60    +   +   A   A   A   +
      61               +   +   -   -   -   +
     ~62 TO    ~355    +   +   A   A   A   +
    NULL                                    

  CONSTRAINTS         U1  U2  U3  R1  R2  R3
 1                     A   A               A
