

 ETABS Ultimate 64-bit 22.1.0 Build 3673 (Analysis Build 9964/64)
 File: D:\Ubicacion C a D\Docu...-25\Etabs\etabs practica 3\etabs practica 3.LOG




 B E G I N   A N A L Y S I S                                2025/05/03  15:18:14


 RUNNING ANALYSIS AS A SEPARATE PROCESS
 USING THE ADVANCED SOLVER (PROVIDES LIMITED INSTABILITY INFORMATION)

 NUMBER OF JOINTS                          =        8994
    WITH RESTRAINTS                        =          15
    WITH MASS                              =          15
 NUMBER OF FRAME/TENDON ELEMENTS           =        1164
 NUMBER OF SHELL ELEMENTS                  =        8640
 NUMBER OF CONSTRAINTS/WELDS               =           3
 NUMBER OF LOAD PATTERNS                   =          12
 NUMBER OF ACCELERATION LOADS              =          12
 NUMBER OF LOAD CASES                      =           8
 NUMBER OF MASS SOURCES                    =           1

 UNITS (FORCE, LENGTH, TEMPERATURE, TIME)  = N, mm, °C, sec
 GRAVITATIONAL ACCELERATION                =    9806.650

 ADDRESSABLE PHYSICAL MEMORY (RAM)         =      15.798 GB

 PARALLELIZATION OF ANALYSIS OPERATIONS:
  (Env. variable SAPFIRE_NUM_THREADS not set)
 NUMBER OF THREADS: STATE (AUTOMATIC)      =           6
 NUMBER OF THREADS: STIFFNESS (AUTOMATIC)  =           6
 NUMBER OF THREADS: EVENT (AUTOMATIC)      =           6
 NUMBER OF THREADS: MOVE (AUTOMATIC)       =           6
 NUMBER OF THREADS: RESPONSE (AUTOMATIC)   =           6
 NUMBER OF THREADS: SOLVE (AUTOMATIC)      =           6
 NUMBER OF THREADS: FORM (AUTOMATIC)       =           6


 E L E M E N T   F O R M A T I O N                                      15:18:14


 NUMBER OF COUPLED CONSTRAINT EQUATIONS    =           0


 L I N E A R   E Q U A T I O N   S O L U T I O N                        15:18:18

 FORMING STIFFNESS AT ZERO (UNSTRESSED) INITIAL CONDITIONS

 TOTAL NUMBER OF EQUILIBRIUM EQUATIONS     =       26946
 NUMBER OF NON-ZERO STIFFNESS TERMS        =      449433

 ---------------------------------
 BASIC STABILITY CHECK FOR LINEAR LOAD CASES:
    NUMBER OF NEGATIVE STIFFNESS EIGENVALUES SHOULD BE ZERO FOR STABILITY.
    (NOTE: FURTHER CHECKS SHOULD BE CONSIDERED AS DEEMED NECESSARY,
     SUCH AS REVIEWING EIGEN MODES FOR MECHANISMS AND RIGID-BODY MOTION)

    NUMBER OF NEGATIVE EIGENVALUES         =           0,  OK.
 ---------------------------------


 L I N E A R   S T A T I C   C A S E S                                  15:18:21

 USING STIFFNESS AT ZERO (UNSTRESSED) INITIAL CONDITIONS

 TOTAL NUMBER OF CASES TO SOLVE            =           5
 NUMBER OF CASES TO SOLVE PER BLOCK        =           5

 LINEAR STATIC CASES TO BE SOLVED:

 CASE: DEAD
 CASE: LIVE
 CASE: SOBRECARGA
 CASE: VIVA TECHO
 CASE: ~LLRF


 C E N T E R   O F   R I G I D I T Y  A N A L Y S I S                   15:18:22

 CASE: ~CENTER OF RIGIDITY

 USING STIFFNESS AT ZERO (UNSTRESSED) INITIAL CONDITIONS

 NUMBER OF LOADS                           =           9


 Solving loads:       1 to       9
 NUMBER OF LOADS SAVED                     =           9


 M U L T I - S T E P   L I N E A R   S T A T I C   A N A L Y S I S      15:18:23

 CASE: SIISMO ESTATICO

 USING STIFFNESS AT ZERO (UNSTRESSED) INITIAL CONDITIONS

 NUMBER OF LOAD STEPS                      =           6


 Solving load steps:       1 to       6
 NUMBER OF OUTPUT STEPS SAVED              =           6


 E I G E N   M O D A L   A N A L Y S I S                                15:18:24

 CASE: MODAL

 USING STIFFNESS AT ZERO (UNSTRESSED) INITIAL CONDITIONS

 NUMBER OF STIFFNESS DEGREES OF FREEDOM    =       26946
 NUMBER OF MASS DEGREES OF FREEDOM         =           9
 MAXIMUM NUMBER OF EIGEN MODES SOUGHT      =          12
 MINIMUM NUMBER OF EIGEN MODES SOUGHT      =           1
 NUMBER OF RESIDUAL-MASS MODES SOUGHT      =           0
 NUMBER OF SUBSPACE VECTORS USED           =           9
 RELATIVE CONVERGENCE TOLERANCE            =    1.00E-09

 FREQUENCY SHIFT  (CENTER) (CYC/TIME)      =     .000000
 FREQUENCY CUTOFF (RADIUS) (CYC/TIME)      =  -INFINITY-
 ALLOW AUTOMATIC FREQUENCY SHIFTING        =         YES

 * * * I N F O * * *
 NUMBER OF MODES SOUGHT REDUCED TO THE NUMBER OF MASS DEGREES OF FREEDOM



 Original stiffness at shift : EV= 0.0000000E+00, f=     .000000, T=  -INFINITY-
 Number of eigenvalues below shift =      0

 Found mode      1 of      9:  EV= 1.4747153E+03, f=    6.111872, T=    0.163616
 Found mode      2 of      9:  EV= 1.7412811E+03, f=    6.641323, T=    0.150572
 Found mode      3 of      9:  EV= 2.2468794E+03, f=    7.544145, T=    0.132553
 Found mode      4 of      9:  EV= 1.6237522E+04, f=   20.280563, T=    0.049308
 Found mode      5 of      9:  EV= 1.8145408E+04, f=   21.438949, T=    0.046644
 Found mode      6 of      9:  EV= 2.4475382E+04, f=   24.899170, T=    0.040162
 Found mode      7 of      9:  EV= 5.4615410E+04, f=   37.194415, T=    0.026886
 Found mode      8 of      9:  EV= 5.6505949E+04, f=   37.832690, T=    0.026432
 Found mode      9 of      9:  EV= 8.1665909E+04, f=   45.482102, T=    0.021987

 NUMBER OF EIGEN MODES FOUND               =           9
 NUMBER OF ITERATIONS PERFORMED            =           1
 NUMBER OF STIFFNESS SHIFTS                =           0


 A N A L Y S I S   C O M P L E T E                          2025/05/03  15:18:26


 ETABS Ultimate 64-bit 22.1.0 Build 3673 (Analysis Build 9964/64)
 File: D:\Ubicacion C a D\Docu...-25\Etabs\etabs practica 3\etabs practica 3.LOG




 B E G I N   A N A L Y S I S                                2025/05/03  15:18:29


 RUNNING ANALYSIS AS A SEPARATE PROCESS
 USING THE ADVANCED SOLVER (PROVIDES LIMITED INSTABILITY INFORMATION)

 NUMBER OF JOINTS                          =        8994
    WITH RESTRAINTS                        =          15
    WITH MASS                              =          15
 NUMBER OF FRAME/TENDON ELEMENTS           =        1164
 NUMBER OF SHELL ELEMENTS                  =        8640
 NUMBER OF CONSTRAINTS/WELDS               =           3
 NUMBER OF LOAD PATTERNS                   =          12
 NUMBER OF ACCELERATION LOADS              =          12
 NUMBER OF LOAD CASES                      =           8
 NUMBER OF MASS SOURCES                    =           1

 UNITS (FORCE, LENGTH, TEMPERATURE, TIME)  = N, mm, °C, sec
 GRAVITATIONAL ACCELERATION                =    9806.650

 ADDRESSABLE PHYSICAL MEMORY (RAM)         =      15.798 GB

 PARALLELIZATION OF ANALYSIS OPERATIONS:
  (Env. variable SAPFIRE_NUM_THREADS not set)
 NUMBER OF THREADS: STATE (AUTOMATIC)      =           6
 NUMBER OF THREADS: STIFFNESS (AUTOMATIC)  =           6
 NUMBER OF THREADS: EVENT (AUTOMATIC)      =           6
 NUMBER OF THREADS: MOVE (AUTOMATIC)       =           6
 NUMBER OF THREADS: RESPONSE (AUTOMATIC)   =           6
 NUMBER OF THREADS: SOLVE (AUTOMATIC)      =           6
 NUMBER OF THREADS: FORM (AUTOMATIC)       =           6


 E L E M E N T   F O R M A T I O N                                      15:18:29


 NUMBER OF COUPLED CONSTRAINT EQUATIONS    =           0


 L I N E A R   E Q U A T I O N   S O L U T I O N                        15:18:30

 FORMING STIFFNESS AT ZERO (UNSTRESSED) INITIAL CONDITIONS

 TOTAL NUMBER OF EQUILIBRIUM EQUATIONS     =       26946
 NUMBER OF NON-ZERO STIFFNESS TERMS        =      449433

 ---------------------------------
 BASIC STABILITY CHECK FOR LINEAR LOAD CASES:
    NUMBER OF NEGATIVE STIFFNESS EIGENVALUES SHOULD BE ZERO FOR STABILITY.
    (NOTE: FURTHER CHECKS SHOULD BE CONSIDERED AS DEEMED NECESSARY,
     SUCH AS REVIEWING EIGEN MODES FOR MECHANISMS AND RIGID-BODY MOTION)

    NUMBER OF NEGATIVE EIGENVALUES         =           0,  OK.
 ---------------------------------


 M U L T I - S T E P   L I N E A R   S T A T I C   A N A L Y S I S      15:18:31

 CASE: SIISMO ESTATICO

 USING STIFFNESS AT ZERO (UNSTRESSED) INITIAL CONDITIONS

 NUMBER OF LOAD STEPS                      =           6


 Solving load steps:       1 to       6
 NUMBER OF OUTPUT STEPS SAVED              =           6


 A N A L Y S I S   C O M P L E T E                          2025/05/03  15:18:32
