

 ETABS Ultimate 64-bit 22.1.0 Build 3673 (Analysis Build 9964/64)               
 File: C:\Users\Ivan\Documents...aldo Etabs 18 Junio\Respaldo hasta 18 Junio.OUT
                                                                     
                                                                       

 5, CONSTR = RIGID, DOF = U1 U2 R3

                     LOCAL COORDINATE SYSTEM FOR CONSTRAINT MASTER
  GLOBAL          U1          U2          U3          R1          R2          R3
     X      1.000000     .000000     .000000    1.000000     .000000     .000000
     Y       .000000    1.000000     .000000     .000000    1.000000     .000000
     Z       .000000     .000000    1.000000     .000000     .000000    1.000000

                     TRANSLATIONAL MASS AND MASS MOMENTS OF INERTIA
                  U1          U2          U3          R1          R2          R3
           14221.763   14221.763     .000000     .000000     .000000  651260.042

                     CENTER OF MASS
  GLOBAL          U1          U2          U3
     X      8.596962    8.596962    8.395111
     Y      6.994675    6.994675    7.000959
     Z     17.100000   17.100000   17.100000

 9, CONSTR = RIGID, DOF = U1 U2 R3

                     LOCAL COORDINATE SYSTEM FOR CONSTRAINT MASTER
  GLOBAL          U1          U2          U3          R1          R2          R3
     X      1.000000     .000000     .000000    1.000000     .000000     .000000
     Y       .000000    1.000000     .000000     .000000    1.000000     .000000
     Z       .000000     .000000    1.000000     .000000     .000000    1.000000

                     TRANSLATIONAL MASS AND MASS MOMENTS OF INERTIA
                  U1          U2          U3          R1          R2          R3
           22580.869   22580.869     .000000     .000000     .000000  1.0781E+06

                     CENTER OF MASS
  GLOBAL          U1          U2          U3
     X      8.582009    8.582009    8.394977
     Y      7.015730    7.015730    7.000968
     Z     13.900000   13.900000   13.900000

 13, CONSTR = RIGID, DOF = U1 U2 R3

                     LOCAL COORDINATE SYSTEM FOR CONSTRAINT MASTER
  GLOBAL          U1          U2          U3          R1          R2          R3
     X      1.000000     .000000     .000000    1.000000     .000000     .000000
     Y       .000000    1.000000     .000000     .000000    1.000000     .000000
     Z       .000000     .000000    1.000000     .000000     .000000    1.000000

                     TRANSLATIONAL MASS AND MASS MOMENTS OF INERTIA
                  U1          U2          U3          R1          R2          R3
           22580.869   22580.869     .000000     .000000     .000000  1.0781E+06

                     CENTER OF MASS
  GLOBAL          U1          U2          U3
     X      8.582009    8.582009    8.394977
     Y      7.015730    7.015730    7.000968
     Z     10.700000   10.700000   10.700000

 17, CONSTR = RIGID, DOF = U1 U2 R3

                     LOCAL COORDINATE SYSTEM FOR CONSTRAINT MASTER
  GLOBAL          U1          U2          U3          R1          R2          R3
     X      1.000000     .000000     .000000    1.000000     .000000     .000000
     Y       .000000    1.000000     .000000     .000000    1.000000     .000000
     Z       .000000     .000000    1.000000     .000000     .000000    1.000000

                     TRANSLATIONAL MASS AND MASS MOMENTS OF INERTIA
                  U1          U2          U3          R1          R2          R3
           22580.869   22580.869     .000000     .000000     .000000  1.0781E+06

                     CENTER OF MASS
  GLOBAL          U1          U2          U3
     X      8.582009    8.582009    8.395570
     Y      7.015730    7.015730    6.993748
     Z      7.500000    7.500000    7.500000

 21, CONSTR = RIGID, DOF = U1 U2 R3

                     LOCAL COORDINATE SYSTEM FOR CONSTRAINT MASTER
  GLOBAL          U1          U2          U3          R1          R2          R3
     X      1.000000     .000000     .000000    1.000000     .000000     .000000
     Y       .000000    1.000000     .000000     .000000    1.000000     .000000
     Z       .000000     .000000    1.000000     .000000     .000000    1.000000

                     TRANSLATIONAL MASS AND MASS MOMENTS OF INERTIA
                  U1          U2          U3          R1          R2          R3
           25024.757   25024.757     .000000     .000000     .000000  1.1779E+06

                     CENTER OF MASS
  GLOBAL          U1          U2          U3
     X      8.506573    8.506573    8.392932
     Y      6.954561    6.954561    7.000359
     Z      4.300000    4.300000    4.300000

 D I S P L A C E M E N T   D E G R E E S   O F   F R E E D O M

         (A) = Active DOF, equilibrium equation
         (-) = Restrained DOF, reaction computed
         (+) = Constrained DOF
         (>) = External substructure DOF
         ( ) = Null DOF

  JOINTS              UX  UY  UZ  RX  RY  RZ
   ~1142 TO   ~1128    A   A   A   A   A   A
   ~1105 TO    ~204    +   +   A   A   A   +
     195 TO     194    +   +   -   -   -   +
     172               A   A   A   A   A   A
     149 TO     126    +   +   A   A   A   +
   ~1127 TO   ~2067    A   A   A   A   A   A
   ~2044 TO   ~1143    +   +   A   A   A   +
     197 TO     196    +   +   -   -   -   +
     165 TO     164    A   A   A   A   A   A
     151 TO      46    +   +   A   A   A   +
   ~2066 TO   ~3013    A   A   A   A   A   A
   ~2990 TO   ~2089    +   +   A   A   A   +
     199 TO     198    +   +   -   -   -   +
     174 TO     173    A   A   A   A   A   A
     153 TO      62    +   +   A   A   A   +
   ~3012 TO   ~3954    A   A   A   A   A   A
   ~3931 TO   ~3035    +   +   A   A   A   +
     201 TO     200    +   +   -   -   -   +
     181 TO     163    A   A   A   A   A   A
     154 TO      29    +   +   A   A   A   +
      28               +   +               +
      27               +   +   A   A   A   +
      26 TO      25    +   +               +
      24 TO      19    +   +   A   A   A   +
      18 TO      17    +   +               +
      16 TO      14    +   +   A   A   A   +
      13                                    
      12               +   +               +
      11                                    
      10 TO       8    +   +   A   A   A   +
       7               +   +               +
       6 TO       2    +   +   A   A   A   +
       1               +   +               +
   ~3953 TO   ~4900    A   A   A   A   A   A
   ~4877 TO   ~3976    +   +   A   A   A   +
     203 TO     202    +   +   -   -   -   +
     156 TO     155    A   A   A   A   A   A
     125 TO      30    +   +   A   A   A   +
   ~4899 TO     188    A   A   A   A   A   A
     124 TO     123    -   -   -   A   A   A
     119 TO     104    -   -   -   -   -   -
    NULL                                    

  CONSTRAINTS         U1  U2  U3  R1  R2  R3
 5       TO 21         A   A               A
