

 ETABS Ultimate 64-bit 22.1.0 Build 3673 (Analysis Build 9964/64)
 File: C:\Users\Ivan\Documents...aldo Etabs 18 Junio\Respaldo hasta 18 Junio.LOG




 B E G I N   A N A L Y S I S                                2025/06/27  03:46:53


 RUNNING ANALYSIS AS A SEPARATE PROCESS
 USING THE ADVANCED SOLVER (PROVIDES LIMITED INSTABILITY INFORMATION)

 NUMBER OF JOINTS                          =        4921
    WITH RESTRAINTS                        =          28
    WITH MASS                              =         138
 NUMBER OF FRAME/TENDON ELEMENTS           =        1577
 NUMBER OF SHELL ELEMENTS                  =        4508
 NUMBER OF CONSTRAINTS/WELDS               =           5
 NUMBER OF LOAD PATTERNS                   =          21
 NUMBER OF ACCELERATION LOADS              =          12
 NUMBER OF LOAD CASES                      =          12
 NUMBER OF MASS SOURCES                    =           2

 UNITS (FORCE, LENGTH, TEMPERATURE, TIME)  = kgf, m, °C, sec
 GRAVITATIONAL ACCELERATION                =    9.806650

 ADDRESSABLE PHYSICAL MEMORY (RAM)         =      15.882 GB

 PARALLELIZATION OF ANALYSIS OPERATIONS:
  (Env. variable SAPFIRE_NUM_THREADS not set)
 NUMBER OF THREADS: STATE (AUTOMATIC)      =           2
 NUMBER OF THREADS: STIFFNESS (AUTOMATIC)  =           2
 NUMBER OF THREADS: EVENT (AUTOMATIC)      =           2
 NUMBER OF THREADS: MOVE (AUTOMATIC)       =           2
 NUMBER OF THREADS: RESPONSE (AUTOMATIC)   =           2
 NUMBER OF THREADS: SOLVE (AUTOMATIC)      =           2
 NUMBER OF THREADS: FORM (AUTOMATIC)       =           2


 E L E M E N T   F O R M A T I O N                                      03:46:53


 NUMBER OF COUPLED CONSTRAINT EQUATIONS    =           0


 L I N E A R   E Q U A T I O N   S O L U T I O N                        03:46:54

 FORMING STIFFNESS AT ZERO (UNSTRESSED) INITIAL CONDITIONS
 USING MASS SOURCE: MasaSismica

 TOTAL NUMBER OF EQUILIBRIUM EQUATIONS     =       15426
 NUMBER OF NON-ZERO STIFFNESS TERMS        =      265041

 ---------------------------------
 BASIC STABILITY CHECK FOR LINEAR LOAD CASES:
    NUMBER OF NEGATIVE STIFFNESS EIGENVALUES SHOULD BE ZERO FOR STABILITY.
    (NOTE: FURTHER CHECKS SHOULD BE CONSIDERED AS DEEMED NECESSARY,
     SUCH AS REVIEWING EIGEN MODES FOR MECHANISMS AND RIGID-BODY MOTION)

    NUMBER OF NEGATIVE EIGENVALUES         =           0,  OK.
 ---------------------------------


 L I N E A R   S T A T I C   C A S E S                                  03:46:55

 USING STIFFNESS AT ZERO (UNSTRESSED) INITIAL CONDITIONS

 TOTAL NUMBER OF CASES TO SOLVE            =           6
 NUMBER OF CASES TO SOLVE PER BLOCK        =           6

 LINEAR STATIC CASES TO BE SOLVED:

 CASE: M
 CASE: V
 CASE: VT
 CASE: PP
 CASE: SC
 CASE: ~LLRF


 C E N T E R   O F   R I G I D I T Y  A N A L Y S I S                   03:46:56

 CASE: ~CENTER OF RIGIDITY

 USING STIFFNESS AT ZERO (UNSTRESSED) INITIAL CONDITIONS

 NUMBER OF LOADS                           =          15


 Solving loads:       1 to      15
 NUMBER OF LOADS SAVED                     =          15


 M U L T I - S T E P   L I N E A R   S T A T I C   A N A L Y S I S      03:46:56

 CASE: SX

 USING STIFFNESS AT ZERO (UNSTRESSED) INITIAL CONDITIONS

 NUMBER OF LOAD STEPS                      =           3


 Solving load steps:       1 to       3
 NUMBER OF OUTPUT STEPS SAVED              =           3


 M U L T I - S T E P   L I N E A R   S T A T I C   A N A L Y S I S      03:46:56

 CASE: SY

 USING STIFFNESS AT ZERO (UNSTRESSED) INITIAL CONDITIONS

 NUMBER OF LOAD STEPS                      =           3


 Solving load steps:       1 to       3
 NUMBER OF OUTPUT STEPS SAVED              =           3


 M U L T I - S T E P   L I N E A R   S T A T I C   A N A L Y S I S      03:46:57

 CASE: SXDERIVA

 USING STIFFNESS AT ZERO (UNSTRESSED) INITIAL CONDITIONS

 NUMBER OF LOAD STEPS                      =           3


 Solving load steps:       1 to       3
 NUMBER OF OUTPUT STEPS SAVED              =           3


 M U L T I - S T E P   L I N E A R   S T A T I C   A N A L Y S I S      03:46:57

 CASE: SYDERIVA

 USING STIFFNESS AT ZERO (UNSTRESSED) INITIAL CONDITIONS

 NUMBER OF LOAD STEPS                      =           3


 Solving load steps:       1 to       3
 NUMBER OF OUTPUT STEPS SAVED              =           3


 E I G E N   M O D A L   A N A L Y S I S                                03:46:58

 CASE: MODAL

 USING STIFFNESS AT ZERO (UNSTRESSED) INITIAL CONDITIONS
 USING MASS SOURCE: MasaSismica

 NUMBER OF STIFFNESS DEGREES OF FREEDOM    =       15426
 NUMBER OF MASS DEGREES OF FREEDOM         =         239
 MAXIMUM NUMBER OF EIGEN MODES SOUGHT      =          15
 MINIMUM NUMBER OF EIGEN MODES SOUGHT      =           1
 NUMBER OF RESIDUAL-MASS MODES SOUGHT      =           0
 NUMBER OF SUBSPACE VECTORS USED           =          24
 RELATIVE CONVERGENCE TOLERANCE            =    1.00E-09

 FREQUENCY SHIFT  (CENTER) (CYC/TIME)      =     .000000
 FREQUENCY CUTOFF (RADIUS) (CYC/TIME)      =  -INFINITY-
 ALLOW AUTOMATIC FREQUENCY SHIFTING        =         YES


 Original stiffness at shift : EV= 0.0000000E+00, f=     .000000, T=  -INFINITY-
 Number of eigenvalues below shift =      0
 Found mode      1 of     15:  EV= 3.3802468E+01, f=    0.925325, T=    1.080701
 Found mode      2 of     15:  EV= 3.5857681E+01, f=    0.953040, T=    1.049274
 Found mode      3 of     15:  EV= 4.8589937E+01, f=    1.109413, T=    0.901377
 Found mode      4 of     15:  EV= 4.0620987E+02, f=    3.207712, T=    0.311749
 Found mode      5 of     15:  EV= 4.3270399E+02, f=    3.310668, T=    0.302054
 Found mode      6 of     15:  EV= 5.6650024E+02, f=    3.788089, T=    0.263985
 Found mode      7 of     15:  EV= 1.6213617E+03, f=    6.408555, T=    0.156041
 Found mode      8 of     15:  EV= 1.9488150E+03, f=    7.025956, T=    0.142329
 Found mode      9 of     15:  EV= 2.3154519E+03, f=    7.658400, T=    0.130576
 Found mode     10 of     15:  EV= 4.6190209E+03, f=   10.816708, T=    0.092450
 Found mode     11 of     15:  EV= 6.0621271E+03, f=   12.391750, T=    0.080699
 Found mode     12 of     15:  EV= 6.7535094E+03, f=   13.079312, T=    0.076457
 Found mode     13 of     15:  EV= 9.9650206E+03, f=   15.887634, T=    0.062942
 Found mode     14 of     15:  EV= 1.3814036E+04, f=   18.705978, T=    0.053459
 Found mode     15 of     15:  EV= 1.4914769E+04, f=   19.436962, T=    0.051448

 NUMBER OF EIGEN MODES FOUND               =          15
 NUMBER OF ITERATIONS PERFORMED            =           3
 NUMBER OF STIFFNESS SHIFTS                =           0


 A N A L Y S I S   C O M P L E T E                          2025/06/27  03:47:00
