

 ETABS Ultimate 64-bit 22.1.0 Build 3673 (Analysis Build 9964/64)
 File: D:\Ubicacion C a D\Docu...s Final Mamposteria\Etabs Final Mamposteria.LOG




 B E G I N   A N A L Y S I S                                2025/05/11  10:32:21


 RUNNING ANALYSIS AS A SEPARATE PROCESS
 USING THE ADVANCED SOLVER (PROVIDES LIMITED INSTABILITY INFORMATION)

 NUMBER OF JOINTS                          =        5344
    WITH RESTRAINTS                        =         200
    WITH MASS                              =         960
 NUMBER OF FRAME/TENDON ELEMENTS           =        7140
 NUMBER OF SHELL ELEMENTS                  =        4872
 NUMBER OF CONSTRAINTS/WELDS               =           8
 NUMBER OF LOAD PATTERNS                   =           6
 NUMBER OF ACCELERATION LOADS              =          12
 NUMBER OF LOAD CASES                      =           8
 NUMBER OF MASS SOURCES                    =           1

 UNITS (FORCE, LENGTH, TEMPERATURE, TIME)  = N, mm, °C, sec
 GRAVITATIONAL ACCELERATION                =    9806.650

 ADDRESSABLE PHYSICAL MEMORY (RAM)         =      15.798 GB

 PARALLELIZATION OF ANALYSIS OPERATIONS:
  (Env. variable SAPFIRE_NUM_THREADS not set)
 NUMBER OF THREADS: STATE (AUTOMATIC)      =           6
 NUMBER OF THREADS: STIFFNESS (AUTOMATIC)  =           6
 NUMBER OF THREADS: EVENT (AUTOMATIC)      =           6
 NUMBER OF THREADS: MOVE (AUTOMATIC)       =           6
 NUMBER OF THREADS: RESPONSE (AUTOMATIC)   =           6
 NUMBER OF THREADS: SOLVE (AUTOMATIC)      =           6
 NUMBER OF THREADS: FORM (AUTOMATIC)       =           6


 E L E M E N T   F O R M A T I O N                                      10:32:21


 NUMBER OF COUPLED CONSTRAINT EQUATIONS    =           0


 L I N E A R   E Q U A T I O N   S O L U T I O N                        10:32:21

 FORMING STIFFNESS AT ZERO (UNSTRESSED) INITIAL CONDITIONS

 TOTAL NUMBER OF EQUILIBRIUM EQUATIONS     =       29958
 NUMBER OF NON-ZERO STIFFNESS TERMS        =      818031

 ---------------------------------
 BASIC STABILITY CHECK FOR LINEAR LOAD CASES:
    NUMBER OF NEGATIVE STIFFNESS EIGENVALUES SHOULD BE ZERO FOR STABILITY.
    (NOTE: FURTHER CHECKS SHOULD BE CONSIDERED AS DEEMED NECESSARY,
     SUCH AS REVIEWING EIGEN MODES FOR MECHANISMS AND RIGID-BODY MOTION)

    NUMBER OF NEGATIVE EIGENVALUES         =           3

 * * * W A R N I N G * * *
 THE STRUCTURE IS UNSTABLE OR ILL-CONDITIONED !!
 CHECK THE STRUCTURE CAREFULLY FOR:
 - INADEQUATE SUPPORT CONDITIONS, OR
 - ONE OR MORE INTERNAL MECHANISMS, OR
 - ZERO OR NEGATIVE STIFFNESS PROPERTIES, OR
 - EXTREMELY LARGE STIFFNESS PROPERTIES, OR
 - BUCKLING DUE TO P-DELTA OR GEOMETRIC NONLINEARITY, OR
 - A FREQUENCY SHIFT (IF ANY) ONTO A NATURAL FREQUENCY



 L I N E A R   S T A T I C   C A S E S                                  10:32:22

 USING STIFFNESS AT ZERO (UNSTRESSED) INITIAL CONDITIONS

 TOTAL NUMBER OF CASES TO SOLVE            =           6
 NUMBER OF CASES TO SOLVE PER BLOCK        =           6

 LINEAR STATIC CASES TO BE SOLVED:

 CASE: DEAD
 CASE: LIVE
 CASE: SOBRECARGA
 CASE: SISMOXX
 CASE: SISMOYY
 CASE: ~LLRF


 C E N T E R   O F   R I G I D I T Y  A N A L Y S I S                   10:32:23

 CASE: ~CENTER OF RIGIDITY

 USING STIFFNESS AT ZERO (UNSTRESSED) INITIAL CONDITIONS

 NUMBER OF LOADS                           =          12


 Solving loads:       1 to      12
 NUMBER OF LOADS SAVED                     =          12


 E I G E N   M O D A L   A N A L Y S I S                                10:32:23

 CASE: MODAL

 USING STIFFNESS AT ZERO (UNSTRESSED) INITIAL CONDITIONS

 NUMBER OF STIFFNESS DEGREES OF FREEDOM    =       29958
 NUMBER OF MASS DEGREES OF FREEDOM         =        1532
 MAXIMUM NUMBER OF EIGEN MODES SOUGHT      =          12
 MINIMUM NUMBER OF EIGEN MODES SOUGHT      =           1
 NUMBER OF RESIDUAL-MASS MODES SOUGHT      =           0
 NUMBER OF SUBSPACE VECTORS USED           =          24
 RELATIVE CONVERGENCE TOLERANCE            =    1.00E-09

 FREQUENCY SHIFT  (CENTER) (CYC/TIME)      =     .000000
 FREQUENCY CUTOFF (RADIUS) (CYC/TIME)      =  -INFINITY-
 ALLOW AUTOMATIC FREQUENCY SHIFTING        =         YES


 Original stiffness at shift : EV= 0.0000000E+00, f=     .000000, T=  -INFINITY-
 Number of eigenvalues below shift =      3
 Found mode      1 of     12:  EV= 1.0240964E+03, f=    5.093198, T=    0.196340
 Found mode      2 of     12:  EV= 1.5412176E+03, f=    6.248159, T=    0.160047
 Found mode      3 of     12:  EV= 2.4652133E+03, f=    7.902188, T=    0.126547
 Found mode      4 of     12:  EV= 5.6319618E+03, f=   11.944005, T=    0.083724
 Found mode      5 of     12:  EV= 5.8131106E+03, f=   12.134571, T=    0.082409
 Found mode      6 of     12:  EV= 6.2115767E+03, f=   12.543567, T=    0.079722
 Found mode      7 of     12:  EV= 6.2674728E+03, f=   12.599879, T=    0.079366
 Found mode      8 of     12:  EV= 6.3598506E+03, f=   12.692395, T=    0.078787
 Found mode      9 of     12:  EV= 7.0465173E+03, f=   13.360029, T=    0.074850
 Found mode     10 of     12:  EV= 7.4082668E+03, f=   13.698671, T=    0.073000
 Found mode     11 of     12:  EV= 7.4262332E+03, f=   13.715272, T=    0.072911
 Found mode     12 of     12:  EV= 7.7442937E+03, f=   14.005901, T=    0.071398

 NUMBER OF EIGEN MODES FOUND               =          12
 NUMBER OF ITERATIONS PERFORMED            =          14
 NUMBER OF STIFFNESS SHIFTS                =           0


 A N A L Y S I S   C O M P L E T E                          2025/05/11  10:32:29


 ETABS Ultimate 64-bit 22.1.0 Build 3673 (Analysis Build 9964/64)
 File: D:\Ubicacion C a D\Docu...s Final Mamposteria\Etabs Final Mamposteria.LOG




 B E G I N   A N A L Y S I S                                2025/05/11  11:11:04


 RUNNING ANALYSIS AS A SEPARATE PROCESS
 USING THE ADVANCED SOLVER (PROVIDES LIMITED INSTABILITY INFORMATION)

 NUMBER OF JOINTS                          =        5344
    WITH RESTRAINTS                        =         200
    WITH MASS                              =         960
 NUMBER OF FRAME/TENDON ELEMENTS           =        7140
 NUMBER OF SHELL ELEMENTS                  =        4872
 NUMBER OF CONSTRAINTS/WELDS               =           8
 NUMBER OF LOAD PATTERNS                   =           6
 NUMBER OF ACCELERATION LOADS              =          12
 NUMBER OF LOAD CASES                      =           7
 NUMBER OF MASS SOURCES                    =           1

 UNITS (FORCE, LENGTH, TEMPERATURE, TIME)  = N, mm, °C, sec
 GRAVITATIONAL ACCELERATION                =    9806.650

 ADDRESSABLE PHYSICAL MEMORY (RAM)         =      15.798 GB

 PARALLELIZATION OF ANALYSIS OPERATIONS:
  (Env. variable SAPFIRE_NUM_THREADS not set)
 NUMBER OF THREADS: STATE (AUTOMATIC)      =           6
 NUMBER OF THREADS: STIFFNESS (AUTOMATIC)  =           6
 NUMBER OF THREADS: EVENT (AUTOMATIC)      =           6
 NUMBER OF THREADS: MOVE (AUTOMATIC)       =           6
 NUMBER OF THREADS: RESPONSE (AUTOMATIC)   =           6
 NUMBER OF THREADS: SOLVE (AUTOMATIC)      =           6
 NUMBER OF THREADS: FORM (AUTOMATIC)       =           6


 E L E M E N T   F O R M A T I O N                                      11:11:04


 NUMBER OF COUPLED CONSTRAINT EQUATIONS    =           0


 L I N E A R   E Q U A T I O N   S O L U T I O N                        11:11:05

 FORMING STIFFNESS AT ZERO (UNSTRESSED) INITIAL CONDITIONS

 TOTAL NUMBER OF EQUILIBRIUM EQUATIONS     =       29958
 NUMBER OF NON-ZERO STIFFNESS TERMS        =      818031

 ---------------------------------
 BASIC STABILITY CHECK FOR LINEAR LOAD CASES:
    NUMBER OF NEGATIVE STIFFNESS EIGENVALUES SHOULD BE ZERO FOR STABILITY.
    (NOTE: FURTHER CHECKS SHOULD BE CONSIDERED AS DEEMED NECESSARY,
     SUCH AS REVIEWING EIGEN MODES FOR MECHANISMS AND RIGID-BODY MOTION)

    NUMBER OF NEGATIVE EIGENVALUES         =           3

 * * * W A R N I N G * * *
 THE STRUCTURE IS UNSTABLE OR ILL-CONDITIONED !!
 CHECK THE STRUCTURE CAREFULLY FOR:
 - INADEQUATE SUPPORT CONDITIONS, OR
 - ONE OR MORE INTERNAL MECHANISMS, OR
 - ZERO OR NEGATIVE STIFFNESS PROPERTIES, OR
 - EXTREMELY LARGE STIFFNESS PROPERTIES, OR
 - BUCKLING DUE TO P-DELTA OR GEOMETRIC NONLINEARITY, OR
 - A FREQUENCY SHIFT (IF ANY) ONTO A NATURAL FREQUENCY



 L I N E A R   S T A T I C   C A S E S                                  11:11:06

 USING STIFFNESS AT ZERO (UNSTRESSED) INITIAL CONDITIONS

 TOTAL NUMBER OF CASES TO SOLVE            =           1
 NUMBER OF CASES TO SOLVE PER BLOCK        =           1

 LINEAR STATIC CASES TO BE SOLVED:

 CASE: DEAD


 A N A L Y S I S   C O M P L E T E                          2025/05/11  11:11:06
