

 ETABS Ultimate 64-bit 22.1.0 Build 3673 (Analysis Build 9964/64)               
 File: C:\Users\Ivan\Documents...S\Respaldo Inge\Respaldo Inge\Respaldo inge.OUT
                                                                     
                                                                       

 5, CONSTR = RIGID, DOF = U1 U2 R3

                     LOCAL COORDINATE SYSTEM FOR CONSTRAINT MASTER
  GLOBAL          U1          U2          U3          R1          R2          R3
     X      1.000000     .000000     .000000    1.000000     .000000     .000000
     Y       .000000    1.000000     .000000     .000000    1.000000     .000000
     Z       .000000     .000000    1.000000     .000000     .000000    1.000000

                     TRANSLATIONAL MASS AND MASS MOMENTS OF INERTIA
                  U1          U2          U3          R1          R2          R3
           14247.974   14247.974     .000000     .000000     .000000  668189.312

                     CENTER OF MASS
  GLOBAL          U1          U2          U3
     X      8.605727    8.605727    8.400952
     Y      6.981625    6.981625    7.006783
     Z     15.800000   15.800000   15.800000

 9, CONSTR = RIGID, DOF = U1 U2 R3

                     LOCAL COORDINATE SYSTEM FOR CONSTRAINT MASTER
  GLOBAL          U1          U2          U3          R1          R2          R3
     X      1.000000     .000000     .000000    1.000000     .000000     .000000
     Y       .000000    1.000000     .000000     .000000    1.000000     .000000
     Z       .000000     .000000    1.000000     .000000     .000000    1.000000

                     TRANSLATIONAL MASS AND MASS MOMENTS OF INERTIA
                  U1          U2          U3          R1          R2          R3
           22801.020   22801.020     .000000     .000000     .000000  1.1141E+06

                     CENTER OF MASS
  GLOBAL          U1          U2          U3
     X      8.596237    8.596237    8.400829
     Y      7.000951    7.000951    7.006785
     Z     12.600000   12.600000   12.600000

 13, CONSTR = RIGID, DOF = U1 U2 R3

                     LOCAL COORDINATE SYSTEM FOR CONSTRAINT MASTER
  GLOBAL          U1          U2          U3          R1          R2          R3
     X      1.000000     .000000     .000000    1.000000     .000000     .000000
     Y       .000000    1.000000     .000000     .000000    1.000000     .000000
     Z       .000000     .000000    1.000000     .000000     .000000    1.000000

                     TRANSLATIONAL MASS AND MASS MOMENTS OF INERTIA
                  U1          U2          U3          R1          R2          R3
           22801.020   22801.020     .000000     .000000     .000000  1.1141E+06

                     CENTER OF MASS
  GLOBAL          U1          U2          U3
     X      8.596237    8.596237    8.400829
     Y      7.000951    7.000951    7.006785
     Z      9.400000    9.400000    9.400000

 17, CONSTR = RIGID, DOF = U1 U2 R3

                     LOCAL COORDINATE SYSTEM FOR CONSTRAINT MASTER
  GLOBAL          U1          U2          U3          R1          R2          R3
     X      1.000000     .000000     .000000    1.000000     .000000     .000000
     Y       .000000    1.000000     .000000     .000000    1.000000     .000000
     Z       .000000     .000000    1.000000     .000000     .000000    1.000000

                     TRANSLATIONAL MASS AND MASS MOMENTS OF INERTIA
                  U1          U2          U3          R1          R2          R3
           22801.020   22801.020     .000000     .000000     .000000  1.1141E+06

                     CENTER OF MASS
  GLOBAL          U1          U2          U3
     X      8.596237    8.596237    8.400829
     Y      7.000951    7.000951    7.006785
     Z      6.200000    6.200000    6.200000

 21, CONSTR = RIGID, DOF = U1 U2 R3

                     LOCAL COORDINATE SYSTEM FOR CONSTRAINT MASTER
  GLOBAL          U1          U2          U3          R1          R2          R3
     X      1.000000     .000000     .000000    1.000000     .000000     .000000
     Y       .000000    1.000000     .000000     .000000    1.000000     .000000
     Z       .000000     .000000    1.000000     .000000     .000000    1.000000

                     TRANSLATIONAL MASS AND MASS MOMENTS OF INERTIA
                  U1          U2          U3          R1          R2          R3
           24441.743   24441.743     .000000     .000000     .000000  1.1692E+06

                     CENTER OF MASS
  GLOBAL          U1          U2          U3
     X      8.543288    8.543288    8.400778
     Y      6.941526    6.941526    7.006722
     Z      3.000000    3.000000    3.000000

 D I S P L A C E M E N T   D E G R E E S   O F   F R E E D O M

         (A) = Active DOF, equilibrium equation
         (-) = Restrained DOF, reaction computed
         (+) = Constrained DOF
         (>) = External substructure DOF
         ( ) = Null DOF

  JOINTS              UX  UY  UZ  RX  RY  RZ
   ~3944 TO     105    +   +   A   A   A   +
      99 TO      89    -   -   -   -   -   -
      60 TO     106    +   +   A   A   A   +
      98 TO      90    -   -   -   -   -   -
      88 TO    ~530    +   +   A   A   A   +
     128 TO     136    +   +   -   -   -   +
   ~4654 TO    ~528    +   +   A   A   A   +
     135 TO     129    +   +   -   -   -   +
   ~4653 TO     107    +   +   A   A   A   +
     100 TO      91    -   -   -   -   -   -
      87 TO     117    +   +   A   A   A   +
     101               -   -   -   -   -   -
      57 TO     120    +   +   A   A   A   +
     104               -   -   -   -   -   -
      63 TO     118    +   +   A   A   A   +
     102               -   -   -   -   -   -
      62 TO     119    +   +   A   A   A   +
     103               -   -   -   -   -   -
      49 TO       1    +   +   A   A   A   +
    NULL                                    

  CONSTRAINTS         U1  U2  U3  R1  R2  R3
 5       TO 21         A   A               A
