

 ETABS Ultimate 64-bit 22.1.0 Build 3673 (Analysis Build 9964/64)               
 File: C:\Users\Ivan\Documents...Modelo Segundo Parcial\ModeloSegundoParcial.OUT
                                                                     
                                                                       

 5, CONSTR = RIGID, DOF = U1 U2 R3

                     LOCAL COORDINATE SYSTEM FOR CONSTRAINT MASTER
  GLOBAL          U1          U2          U3          R1          R2          R3
     X      1.000000     .000000     .000000    1.000000     .000000     .000000
     Y       .000000    1.000000     .000000     .000000    1.000000     .000000
     Z       .000000     .000000    1.000000     .000000     .000000    1.000000

                     TRANSLATIONAL MASS AND MASS MOMENTS OF INERTIA
                  U1          U2          U3          R1          R2          R3
           26958.088   26958.088     .000000     .000000     .000000  2.4554E+06

                     CENTER OF MASS
  GLOBAL          U1          U2          U3
     X     10.365114   10.365114   10.176141
     Y     12.544571   12.544571   12.393405
     Z     16.800000   16.800000   16.800000

 9, CONSTR = RIGID, DOF = U1 U2 R3

                     LOCAL COORDINATE SYSTEM FOR CONSTRAINT MASTER
  GLOBAL          U1          U2          U3          R1          R2          R3
     X      1.000000     .000000     .000000    1.000000     .000000     .000000
     Y       .000000    1.000000     .000000     .000000    1.000000     .000000
     Z       .000000     .000000    1.000000     .000000     .000000    1.000000

                     TRANSLATIONAL MASS AND MASS MOMENTS OF INERTIA
                  U1          U2          U3          R1          R2          R3
           33509.323   33509.323     .000000     .000000     .000000  3.1440E+06

                     CENTER OF MASS
  GLOBAL          U1          U2          U3
     X     10.364511   10.364511   10.176139
     Y     12.539357   12.539357   12.393390
     Z     13.600000   13.600000   13.600000

 13, CONSTR = RIGID, DOF = U1 U2 R3

                     LOCAL COORDINATE SYSTEM FOR CONSTRAINT MASTER
  GLOBAL          U1          U2          U3          R1          R2          R3
     X      1.000000     .000000     .000000    1.000000     .000000     .000000
     Y       .000000    1.000000     .000000     .000000    1.000000     .000000
     Z       .000000     .000000    1.000000     .000000     .000000    1.000000

                     TRANSLATIONAL MASS AND MASS MOMENTS OF INERTIA
                  U1          U2          U3          R1          R2          R3
           33509.323   33509.323     .000000     .000000     .000000  3.1440E+06

                     CENTER OF MASS
  GLOBAL          U1          U2          U3
     X     10.364511   10.364511   10.176139
     Y     12.539357   12.539357   12.393390
     Z     10.400000   10.400000   10.400000

 17, CONSTR = RIGID, DOF = U1 U2 R3

                     LOCAL COORDINATE SYSTEM FOR CONSTRAINT MASTER
  GLOBAL          U1          U2          U3          R1          R2          R3
     X      1.000000     .000000     .000000    1.000000     .000000     .000000
     Y       .000000    1.000000     .000000     .000000    1.000000     .000000
     Z       .000000     .000000    1.000000     .000000     .000000    1.000000

                     TRANSLATIONAL MASS AND MASS MOMENTS OF INERTIA
                  U1          U2          U3          R1          R2          R3
           33509.323   33509.323     .000000     .000000     .000000  3.1440E+06

                     CENTER OF MASS
  GLOBAL          U1          U2          U3
     X     10.364511   10.364511   10.176139
     Y     12.539357   12.539357   12.393390
     Z      7.200000    7.200000    7.200000

 21, CONSTR = RIGID, DOF = U1 U2 R3

                     LOCAL COORDINATE SYSTEM FOR CONSTRAINT MASTER
  GLOBAL          U1          U2          U3          R1          R2          R3
     X      1.000000     .000000     .000000    1.000000     .000000     .000000
     Y       .000000    1.000000     .000000     .000000    1.000000     .000000
     Z       .000000     .000000    1.000000     .000000     .000000    1.000000

                     TRANSLATIONAL MASS AND MASS MOMENTS OF INERTIA
                  U1          U2          U3          R1          R2          R3
           34170.862   34170.862     .000000     .000000     .000000  3.2207E+06

                     CENTER OF MASS
  GLOBAL          U1          U2          U3
     X     10.365880   10.365880   10.176143
     Y     12.537161   12.537161   12.393384
     Z      4.000000    4.000000    4.000000

 D I S P L A C E M E N T   D E G R E E S   O F   F R E E D O M

         (A) = Active DOF, equilibrium equation
         (-) = Restrained DOF, reaction computed
         (+) = Constrained DOF
         (>) = External substructure DOF
         ( ) = Null DOF

  JOINTS              UX  UY  UZ  RX  RY  RZ
   ~1480 TO      28    +   +   A   A   A   +
       4 TO       1    -   -   -   -   -   -
   ~1477 TO      48    +   +   A   A   A   +
       8 TO       5    -   -   -   -   -   -
   ~1541 TO      68    +   +   A   A   A   +
      13 TO       9    -   -   -   -   -   -
   ~1718 TO    ~299    +   +   A   A   A   +
     163 TO     167    +   +   -   -   -   +
   ~1708 TO      93    +   +   A   A   A   +
      27 TO      14    -   -   -   -   -   -
   ~1737 TO     113    +   +   A   A   A   +
      22 TO      18    -   -   -   -   -   -
   ~1694 TO     138    +   +   A   A   A   +
      26 TO      23    -   -   -   -   -   -
    NULL                                    

  CONSTRAINTS         U1  U2  U3  R1  R2  R3
 5       TO 21         A   A               A
